# JRE version: Java(TM) SE Runtime Environment (21.0.2+13) (build 21.0.2+13-LTS-58)
# Java VM: Java HotSpot(TM) 64-Bit Server VM (21.0.2+13-LTS-58, mixed mode, sharing, tiered, compressed oops, compressed class ptrs, g1 gc, windows-amd64)
GC Precious Log:
 CardTable entry size: 512
 Card Set container configuration: InlinePtr #cards 5 size 8 Array Of Cards #cards 12 size 40 Howl #buckets 4 coarsen threshold 1843 Howl Bitmap #cards 512 size 80 coarsen threshold 460 Card regions per heap region 1 cards per card region 2048
 CPUs: 8 total, 8 available
 Memory: 7957M
 Large Page Support: Disabled
 NUMA Support: Disabled
 Compressed Oops: Enabled (32-bit)
 Heap Region Size: 1M
 Heap Min Capacity: 256M
 Heap Initial Capacity: 256M
 Heap Max Capacity: 512M
 Pre-touch: Disabled
 Parallel Workers: 8
 Concurrent Workers: 2
 Concurrent Refinement Workers: 8
 Periodic GC: Disabled
Heap:
 garbage-first heap   total 279552K, used 133625K [0x00000000e0000000, 0x0000000100000000)
  region size 1024K, 33 young (33792K), 17 survivors (17408K)
 Metaspace       used 76935K, committed 79232K, reserved 458752K
  class space    used 11040K, committed 12224K, reserved 327680K
GC Heap History (20 events):
Event: 17.658 GC heap before
{Heap before GC invocations=21 (full 0):
 garbage-first heap   total 262144K, used 211849K [0x00000000e0000000, 0x0000000100000000)
  region size 1024K, 153 young (156672K), 12 survivors (12288K)
 Metaspace       used 70239K, committed 72448K, reserved 393216K
  class space    used 9979K, committed 11072K, reserved 327680K
}
Event: 17.667 GC heap after
{Heap after GC invocations=22 (full 0):
 garbage-first heap   total 262144K, used 70527K [0x00000000e0000000, 0x0000000100000000)
  region size 1024K, 12 young (12288K), 12 survivors (12288K)
 Metaspace       used 70239K, committed 72448K, reserved 393216K
  class space    used 9979K, committed 11072K, reserved 327680K
}
Event: 18.024 GC heap before
{Heap before GC invocations=22 (full 0):
 garbage-first heap   total 262144K, used 213887K [0x00000000e0000000, 0x0000000100000000)
  region size 1024K, 153 young (156672K), 12 survivors (12288K)
 Metaspace       used 70257K, committed 72512K, reserved 393216K
  class space    used 9980K, committed 11072K, reserved 327680K
}
Event: 18.034 GC heap after
{Heap after GC invocations=23 (full 0):
 garbage-first heap   total 262144K, used 77388K [0x00000000e0000000, 0x0000000100000000)
  region size 1024K, 17 young (17408K), 17 survivors (17408K)
 Metaspace       used 70257K, committed 72512K, reserved 393216K
  class space    used 9980K, committed 11072K, reserved 327680K
}
Event: 18.329 GC heap before
{Heap before GC invocations=23 (full 0):
 garbage-first heap   total 262144K, used 215628K [0x00000000e0000000, 0x0000000100000000)
  region size 1024K, 153 young (156672K), 17 survivors (17408K)
 Metaspace       used 70275K, committed 72576K, reserved 393216K
  class space    used 9980K, committed 11072K, reserved 327680K
}
Event: 18.338 GC heap after
{Heap after GC invocations=24 (full 0):
 garbage-first heap   total 262144K, used 80372K [0x00000000e0000000, 0x0000000100000000)
  region size 1024K, 15 young (15360K), 15 survivors (15360K)
 Metaspace       used 70275K, committed 72576K, reserved 393216K
  class space    used 9980K, committed 11072K, reserved 327680K
}
Event: 18.638 GC heap before
{Heap before GC invocations=24 (full 0):
 garbage-first heap   total 262144K, used 220660K [0x00000000e0000000, 0x0000000100000000)
  region size 1024K, 153 young (156672K), 15 survivors (15360K)
 Metaspace       used 70285K, committed 72576K, reserved 393216K
  class space    used 9981K, committed 11072K, reserved 327680K
}
Event: 18.648 GC heap after
{Heap after GC invocations=25 (full 0):
 garbage-first heap   total 262144K, used 82807K [0x00000000e0000000, 0x0000000100000000)
  region size 1024K, 9 young (9216K), 9 survivors (9216K)
 Metaspace       used 70285K, committed 72576K, reserved 393216K
  class space    used 9981K, committed 11072K, reserved 327680K
}
Event: 18.922 GC heap before
{Heap before GC invocations=25 (full 0):
 garbage-first heap   total 262144K, used 229239K [0x00000000e0000000, 0x0000000100000000)
  region size 1024K, 153 young (156672K), 9 survivors (9216K)
 Metaspace       used 70286K, committed 72576K, reserved 393216K
  class space    used 9981K, committed 11072K, reserved 327680K
}
Event: 18.930 GC heap after
{Heap after GC invocations=26 (full 0):
 garbage-first heap   total 262144K, used 83501K [0x00000000e0000000, 0x0000000100000000)
  region size 1024K, 9 young (9216K), 9 survivors (9216K)
 Metaspace       used 70286K, committed 72576K, reserved 393216K
  class space    used 9981K, committed 11072K, reserved 327680K
}
Event: 19.416 GC heap before
{Heap before GC invocations=26 (full 0):
 garbage-first heap   total 262144K, used 230957K [0x00000000e0000000, 0x0000000100000000)
  region size 1024K, 153 young (156672K), 9 survivors (9216K)
 Metaspace       used 70289K, committed 72576K, reserved 393216K
  class space    used 9981K, committed 11072K, reserved 327680K
}
Event: 19.424 GC heap after
{Heap after GC invocations=27 (full 0):
 garbage-first heap   total 262144K, used 84736K [0x00000000e0000000, 0x0000000100000000)
  region size 1024K, 11 young (11264K), 11 survivors (11264K)
 Metaspace       used 70289K, committed 72576K, reserved 393216K
  class space    used 9981K, committed 11072K, reserved 327680K
}
Event: 20.149 GC heap before
{Heap before GC invocations=27 (full 0):
 garbage-first heap   total 262144K, used 229120K [0x00000000e0000000, 0x0000000100000000)
  region size 1024K, 153 young (156672K), 11 survivors (11264K)
 Metaspace       used 70289K, committed 72576K, reserved 393216K
  class space    used 9981K, committed 11072K, reserved 327680K
}
Event: 20.156 GC heap after
{Heap after GC invocations=28 (full 0):
 garbage-first heap   total 262144K, used 86014K [0x00000000e0000000, 0x0000000100000000)
  region size 1024K, 12 young (12288K), 12 survivors (12288K)
 Metaspace       used 70289K, committed 72576K, reserved 393216K
  class space    used 9981K, committed 11072K, reserved 327680K
}
Event: 20.713 GC heap before
{Heap before GC invocations=28 (full 0):
 garbage-first heap   total 262144K, used 229374K [0x00000000e0000000, 0x0000000100000000)
  region size 1024K, 153 young (156672K), 12 survivors (12288K)
 Metaspace       used 70289K, committed 72576K, reserved 393216K
  class space    used 9981K, committed 11072K, reserved 327680K
}
Event: 20.724 GC heap after
{Heap after GC invocations=29 (full 0):
 garbage-first heap   total 262144K, used 87866K [0x00000000e0000000, 0x0000000100000000)
  region size 1024K, 11 young (11264K), 11 survivors (11264K)
 Metaspace       used 70289K, committed 72576K, reserved 393216K
  class space    used 9981K, committed 11072K, reserved 327680K
}
Event: 21.430 GC heap before
{Heap before GC invocations=29 (full 0):
 garbage-first heap   total 262144K, used 232250K [0x00000000e0000000, 0x0000000100000000)
  region size 1024K, 153 young (156672K), 11 survivors (11264K)
 Metaspace       used 70583K, committed 72896K, reserved 393216K
  class space    used 10043K, committed 11136K, reserved 327680K
}
Event: 21.439 GC heap after
{Heap after GC invocations=30 (full 0):
 garbage-first heap   total 262144K, used 93432K [0x00000000e0000000, 0x0000000100000000)
  region size 1024K, 16 young (16384K), 16 survivors (16384K)
 Metaspace       used 70583K, committed 72896K, reserved 393216K
  class space    used 10043K, committed 11136K, reserved 327680K
}
Event: 2191.666 GC heap before
{Heap before GC invocations=30 (full 0):
 garbage-first heap   total 262144K, used 254200K [0x00000000e0000000, 0x0000000100000000)
  region size 1024K, 150 young (153600K), 16 survivors (16384K)
 Metaspace       used 75539K, committed 77952K, reserved 458752K
  class space    used 10845K, committed 12032K, reserved 327680K
}
Event: 2191.785 GC heap after
{Heap after GC invocations=31 (full 0):
 garbage-first heap   total 279552K, used 118265K [0x00000000e0000000, 0x0000000100000000)
  region size 1024K, 17 young (17408K), 17 survivors (17408K)
 Metaspace       used 75539K, committed 77952K, reserved 458752K
  class space    used 10845K, committed 12032K, reserved 327680K
}

